<?xml version="1.0" encoding="UTF-8"?>
<testng-results ignored="0" total="2" passed="2" failed="0" skipped="0">
  <reporter-output>
  </reporter-output>
  <suite started-at="2023-07-27T13:11:41 PKT" name="Default Suite" finished-at="2023-07-27T13:11:49 PKT" duration-ms="8245">
    <groups>
    </groups>
    <test started-at="2023-07-27T13:11:41 PKT" name="Entertainer" finished-at="2023-07-27T13:11:49 PKT" duration-ms="8245">
      <class name="APITest">
        <test-method signature="test2()[pri:1, instance:APITest@1a052a00]" started-at="2023-07-27T13:11:41 PKT" name="test2" finished-at="2023-07-27T13:11:48 PKT" duration-ms="7286" status="PASS">
          <reporter-output>
          </reporter-output>
        </test-method> <!-- test2 -->
        <test-method signature="test1()[pri:2, instance:APITest@1a052a00]" started-at="2023-07-27T13:11:48 PKT" name="test1" finished-at="2023-07-27T13:11:49 PKT" duration-ms="784" status="PASS">
          <reporter-output>
          </reporter-output>
        </test-method> <!-- test1 -->
      </class> <!-- APITest -->
    </test> <!-- Entertainer -->
  </suite> <!-- Default Suite -->
</testng-results>
